[Information, 2016年8月29日 16:31:06] 程序启动
[Error, 2016年8月29日 16:31:27] 请求发生异常
Url:/order/list
Controller:order
Action:list
[Error, 2016年8月29日 16:32:39] 请求发生异常
Url:/order/list
Controller:order
Action:list
[Information, 2016年8月29日 17:33:06] 程序启动
[Information, 2016年8月29日 17:34:07] 程序启动
[Information, 2016年8月29日 22:18:11] 程序启动
[Error, 2016年8月29日 22:19:35] 请求发生异常
Url:/Account/Login
Controller:Account
Action:Login
[Error, 2016年8月29日 22:20:04] 请求发生异常
Url:/Account/Login
Controller:Account
Action:Login
[Error, 2016年8月29日 22:20:56] 请求发生异常
Url:/Account/Login
Controller:Account
Action:Login
[Error, 2016年8月29日 22:22:23] 请求发生异常
Url:/Account/Login
Controller:Account
Action:Login
[Information, 2016年8月29日 22:23:04] 程序启动
[Information, 2016年8月29日 23:14:36] 程序启动
[Error, 2016年8月29日 23:14:40] 请求发生异常
Url:/order/list
Controller:order
Action:list
[Error, 2016年8月29日 23:15:09] 请求发生异常
Url:/order/list
Controller:order
Action:list
[Error, 2016年8月29日 23:15:14] 请求发生异常
Url:/order/list
Controller:order
Action:list
[Error, 2016年8月29日 23:16:24] 请求发生异常
Url:/order/list
Controller:order
Action:list
[Error, 2016年8月29日 23:16:38] 请求发生异常
Url:/order/list
Controller:order
Action:list
[Error, 2016年8月29日 23:18:17] 请求发生异常
Url:/order/list
Controller:order
Action:list
[Error, 2016年8月29日 23:19:13] 请求发生异常
Url:/order/list
Controller:order
Action:list
[Error, 2016年8月29日 23:20:26] 请求发生异常
Url:/order/list
Controller:order
Action:list
[Error, 2016年8月29日 23:20:33] 请求发生异常
Url:/order/list
Controller:order
Action:list
[Information, 2016年8月29日 23:22:15] 程序启动
[Error, 2016年8月29日 23:22:17] 请求发生异常
Url:/order/list
Controller:order
Action:list
[Error, 2016年8月29日 23:23:03] 请求发生异常
Url:/order/list
Controller:order
Action:list
[Information, 2016年8月29日 23:23:21] 程序启动
[Error, 2016年8月29日 23:23:23] 请求发生异常
Url:/order/list
Controller:order
Action:list
[Error, 2016年8月29日 23:24:32] 请求发生异常
Url:/order/list
Controller:order
Action:list
[Error, 2016年8月29日 23:24:48] 请求发生异常
Url:/order/list
Controller:order
Action:list
[Information, 2016年8月29日 23:26:33] 程序启动
[Error, 2016年8月29日 23:26:37] 请求发生异常
Url:/order/list
Controller:order
Action:list
[Error, 2016年8月29日 23:26:52] 请求发生异常
Url:/order/list
Controller:order
Action:list
[Error, 2016年8月29日 23:27:19] 请求发生异常
Url:/order/list
Controller:order
Action:list
[Error, 2016年8月29日 23:27:34] 请求发生异常
Url:/order/list
Controller:order
Action:list
[Error, 2016年8月29日 23:27:45] 请求发生异常
Url:/order/list
Controller:order
Action:list
[Error, 2016年8月29日 23:28:39] 请求发生异常
Url:/order/list
Controller:order
Action:list
[Error, 2016年8月29日 23:28:52] 请求发生异常
Url:/order/list
Controller:order
Action:list
[Error, 2016年8月29日 23:28:56] 请求发生异常
Url:/order/list
Controller:order
Action:list
[Error, 2016年8月29日 23:29:03] 请求发生异常
Url:/order/list
Controller:order
Action:list
[Error, 2016年8月29日 23:29:05] 请求发生异常
Url:/order/list
Controller:order
Action:list
[Error, 2016年8月29日 23:29:05] 请求发生异常
Url:/order/list
Controller:order
Action:list
[Error, 2016年8月29日 23:29:05] 请求发生异常
Url:/order/list
Controller:order
Action:list
[Error, 2016年8月29日 23:29:06] 请求发生异常
Url:/order/list
Controller:order
Action:list
[Error, 2016年8月29日 23:29:06] 请求发生异常
Url:/order/list
Controller:order
Action:list
[Error, 2016年8月29日 23:29:36] 请求发生异常
Url:/order/list
Controller:order
Action:list
[Information, 2016年8月29日 23:29:53] 程序启动
[Information, 2016年8月30日 0:07:02] 程序启动
[Information, 2016年8月30日 0:39:03] 程序启动
