[Information, 2016年9月3日 0:29:49] 程序启动
[Error, 2016年9月3日 0:30:13] 请求发生异常
Url:/Account/Login
Controller:Account
Action:Login
The model backing the 'SaleManagementDbContext' context has changed since the database was created. Consider using Code First Migrations to update the database (http://go.microsoft.com/fwlink/?LinkId=238269).
[Information, 2016年9月3日 0:34:41] 程序启动
[Error, 2016年9月3日 0:34:44] 请求发生异常
Url:/Account/Login
Controller:Account
Action:Login
The model backing the 'SaleManagementDbContext' context has changed since the database was created. Consider using Code First Migrations to update the database (http://go.microsoft.com/fwlink/?LinkId=238269).
[Error, 2016年9月3日 0:34:54] 请求发生异常
Url:/Account/Login
Controller:Account
Action:Login
The model backing the 'SaleManagementDbContext' context has changed since the database was created. Consider using Code First Migrations to update the database (http://go.microsoft.com/fwlink/?LinkId=238269).
[Information, 2016年9月3日 0:35:58] 程序启动
[Information, 2016年9月3日 0:37:47] 程序启动
[Information, 2016年9月3日 0:38:44] 程序启动
[Information, 2016年9月3日 0:40:42] 程序启动
[Information, 2016年9月3日 0:43:30] 程序启动
[Information, 2016年9月3日 0:47:22] 程序启动
[Information, 2016年9月3日 0:49:16] 程序启动
[Information, 2016年9月3日 0:49:33] 程序启动
[Information, 2016年9月3日 0:49:50] 程序启动
[Information, 2016年9月3日 0:51:24] 程序启动
[Information, 2016年9月3日 0:54:14] 程序启动
[Information, 2016年9月3日 0:54:30] 程序启动
[Information, 2016年9月3日 0:54:53] 程序启动
[Information, 2016年9月3日 0:56:28] 程序启动
[Information, 2016年9月3日 0:57:40] 程序启动
[Information, 2016年9月3日 0:59:24] 程序启动
[Information, 2016年9月3日 0:59:35] 程序启动
[Information, 2016年9月3日 0:59:55] 程序启动
[Information, 2016年9月3日 1:00:53] 程序启动
[Information, 2016年9月3日 1:01:29] 程序启动
[Information, 2016年9月3日 1:04:54] 程序启动
[Information, 2016年9月3日 1:07:13] 程序启动
[Information, 2016年9月3日 1:09:21] 程序启动
[Information, 2016年9月3日 1:09:43] 程序启动
[Information, 2016年9月3日 1:10:25] 程序启动
[Information, 2016年9月3日 1:10:58] 程序启动
[Information, 2016年9月3日 1:12:58] 程序启动
[Information, 2016年9月3日 1:14:33] 程序启动
[Information, 2016年9月3日 1:16:58] 程序启动
[Information, 2016年9月3日 1:20:41] 程序启动
[Information, 2016年9月3日 1:21:10] 程序启动
[Information, 2016年9月3日 1:22:34] 程序启动
[Information, 2016年9月3日 1:23:12] 程序启动
[Information, 2016年9月3日 1:24:30] 程序启动
[Information, 2016年9月3日 1:28:11] 程序启动
[Information, 2016年9月3日 1:29:46] 程序启动
[Information, 2016年9月3日 1:30:26] 程序启动
[Information, 2016年9月3日 1:37:18] 程序启动
[Information, 2016年9月3日 1:38:28] 程序启动
[Information, 2016年9月3日 1:38:42] 程序启动
[Information, 2016年9月3日 1:41:25] 程序启动
[Information, 2016年9月3日 1:44:01] 程序启动
[Information, 2016年9月3日 13:06:37] 程序启动
[Information, 2016年9月3日 13:07:52] 程序启动
[Information, 2016年9月3日 13:08:53] 程序启动
